2021-08-29 21:15:08 INFO  [AWT-EventQueue-0]: Клиент заработал
2021-08-29 21:15:08 INFO  [main]: Сервер, заработал
2021-08-29 21:15:08 INFO  [AWT-EventQueue-0]: Клиент отправил объект
2021-08-29 21:15:08 INFO  [main]: Сервер получили объект
2021-08-29 21:15:08 INFO  [main]: Отправляется запрос в БД...
2021-08-29 21:15:08 INFO  [main]: Запрос в БД отправлен
2021-08-29 21:15:08 INFO  [main]: Сервер отправил объект ResponseCron без ошибок
2021-08-29 21:15:08 INFO  [AWT-EventQueue-0]: Клиент получил объект
2021-08-29 21:15:08 INFO  [AWT-EventQueue-0]: Сервер передал объект ResponseCron без ошибок
2021-08-30 17:27:05 ERROR [AWT-EventQueue-0]: Объект не передался
2021-08-31 14:57:20 ERROR [AWT-EventQueue-0]: Объект не передался
2021-08-31 15:23:01 INFO  [AWT-EventQueue-0]: Клиент заработал
2021-08-31 15:23:01 INFO  [main]: Сервер, заработал
2021-08-31 15:23:01 INFO  [AWT-EventQueue-0]: Клиент отправил объект
2021-08-31 15:23:02 INFO  [main]: Сервер получили объект
2021-08-31 15:23:02 INFO  [main]: Отправляется запрос в БД...
2021-08-31 15:23:03 INFO  [main]: Запрос в БД отправлен
2021-08-31 15:23:03 INFO  [main]: Сервер отправил объект ResponseCron без ошибок
2021-08-31 15:23:03 INFO  [AWT-EventQueue-0]: Клиент получил объект
2021-08-31 15:23:03 INFO  [AWT-EventQueue-0]: Сервер передал объект ResponseCron без ошибок
2021-08-31 15:23:12 INFO  [AWT-EventQueue-0]: Клиент заработал
2021-08-31 15:23:12 INFO  [main]: Сервер, заработал
2021-08-31 15:23:12 INFO  [AWT-EventQueue-0]: Клиент отправил объект
2021-08-31 15:23:12 INFO  [main]: Сервер получили объект
2021-08-31 15:23:12 INFO  [main]: Сервер отправил объект ResponseCron с заполненным списком ошибок
2021-08-31 15:23:12 INFO  [AWT-EventQueue-0]: Клиент получил объект
2021-08-31 15:23:12 INFO  [AWT-EventQueue-0]: Сервер передал объект ResponseCron с заполненным списком ошибок
2021-08-31 16:52:16 INFO  [AWT-EventQueue-0]: Клиент заработал
2021-08-31 16:52:16 INFO  [main]: Сервер, заработал
2021-08-31 16:57:01 INFO  [AWT-EventQueue-0]: Клиент заработал
2021-08-31 16:57:01 INFO  [AWT-EventQueue-0]: Клиент отправил объект
2021-08-31 16:57:01 INFO  [main]: Сервер, заработал
2021-08-31 16:57:01 INFO  [main]: Сервер получили объект
2021-08-31 16:57:01 ERROR [AWT-EventQueue-0]: Объект не передался
2021-08-31 17:10:15 INFO  [AWT-EventQueue-0]: Клиент заработал
2021-08-31 17:10:15 INFO  [AWT-EventQueue-0]: Клиент отправил объект
2021-08-31 17:10:15 INFO  [main]: Сервер, заработал
2021-08-31 17:10:15 INFO  [main]: Сервер получили объект
2021-08-31 17:10:16 INFO  [main]: Отправляется запрос в БД...
2021-08-31 17:10:16 INFO  [main]: Запрос в БД отправлен
2021-08-31 17:10:16 INFO  [AWT-EventQueue-0]: Клиент получил объект
2021-08-31 17:10:44 INFO  [AWT-EventQueue-0]: Клиент заработал
2021-08-31 17:10:44 INFO  [main]: Сервер, заработал
2021-08-31 17:10:44 INFO  [AWT-EventQueue-0]: Клиент отправил объект
2021-08-31 17:10:44 INFO  [main]: Сервер получили объект
2021-08-31 17:10:44 INFO  [main]: Отправляется запрос в БД...
2021-08-31 17:10:44 INFO  [main]: Запрос в БД отправлен
2021-08-31 17:10:44 INFO  [main]: Сервер отправил объект ResponseCron без ошибок
2021-08-31 17:10:44 INFO  [AWT-EventQueue-0]: Клиент получил объект
2021-08-31 17:10:44 INFO  [AWT-EventQueue-0]: Сервер передал объект ResponseCron без ошибок
2021-08-31 17:12:04 INFO  [AWT-EventQueue-0]: Клиент заработал
2021-08-31 17:12:04 INFO  [AWT-EventQueue-0]: Клиент отправил объект
2021-08-31 17:12:04 INFO  [main]: Сервер, заработал
2021-08-31 17:12:04 INFO  [main]: Сервер получили объект
2021-08-31 17:12:05 INFO  [main]: Отправляется запрос в БД...
2021-08-31 17:12:05 INFO  [main]: Запрос в БД отправлен
2021-08-31 17:12:05 INFO  [AWT-EventQueue-0]: Клиент получил объект
2021-08-31 17:13:19 INFO  [AWT-EventQueue-0]: Клиент заработал
2021-08-31 17:13:19 INFO  [AWT-EventQueue-0]: Клиент отправил объект
2021-08-31 17:13:19 INFO  [main]: Сервер, заработал
2021-08-31 17:13:19 INFO  [main]: Сервер получили объект
2021-08-31 17:13:20 INFO  [main]: Отправляется запрос в БД...
2021-08-31 17:13:20 INFO  [main]: Запрос в БД отправлен
2021-08-31 17:13:20 INFO  [AWT-EventQueue-0]: Клиент получил объект
2021-08-31 17:14:20 INFO  [AWT-EventQueue-0]: Клиент заработал
2021-08-31 17:14:20 INFO  [AWT-EventQueue-0]: Клиент отправил объект
2021-08-31 17:14:20 INFO  [main]: Сервер, заработал
2021-08-31 17:14:20 INFO  [main]: Сервер получили объект
2021-08-31 17:14:20 INFO  [main]: Отправляется запрос в БД...
2021-08-31 17:14:21 INFO  [main]: Запрос в БД отправлен
2021-08-31 17:14:21 INFO  [AWT-EventQueue-0]: Клиент получил объект
2021-08-31 17:14:44 INFO  [AWT-EventQueue-0]: Клиент заработал
2021-08-31 17:14:44 INFO  [AWT-EventQueue-0]: Клиент отправил объект
2021-08-31 17:14:44 INFO  [main]: Сервер, заработал
2021-08-31 17:14:44 INFO  [main]: Сервер получили объект
2021-08-31 17:14:44 INFO  [main]: Отправляется запрос в БД...
2021-08-31 17:14:44 INFO  [main]: Запрос в БД отправлен
2021-08-31 17:14:44 INFO  [AWT-EventQueue-0]: Клиент получил объект
2021-08-31 17:15:16 INFO  [AWT-EventQueue-0]: Клиент заработал
2021-08-31 17:15:16 INFO  [main]: Сервер, заработал
2021-08-31 17:15:16 INFO  [AWT-EventQueue-0]: Клиент отправил объект
2021-08-31 17:15:16 INFO  [main]: Сервер получили объект
2021-08-31 17:15:16 INFO  [main]: Отправляется запрос в БД...
2021-08-31 17:15:16 INFO  [main]: Запрос в БД отправлен
2021-08-31 17:15:16 INFO  [main]: Сервер отправил объект ResponseCron без ошибок
2021-08-31 17:15:16 INFO  [AWT-EventQueue-0]: Клиент получил объект
2021-08-31 17:15:16 INFO  [AWT-EventQueue-0]: Сервер передал объект ResponseCron без ошибок
2021-08-31 17:16:34 INFO  [AWT-EventQueue-0]: Клиент заработал
2021-08-31 17:16:34 INFO  [AWT-EventQueue-0]: Клиент отправил объект
2021-08-31 17:16:34 INFO  [main]: Сервер, заработал
2021-08-31 17:16:34 INFO  [main]: Сервер получили объект
2021-08-31 17:16:34 INFO  [main]: Отправляется запрос в БД...
2021-08-31 17:16:34 INFO  [main]: Запрос в БД отправлен
2021-08-31 17:16:34 INFO  [AWT-EventQueue-0]: Клиент получил объект
2021-08-31 17:19:21 INFO  [AWT-EventQueue-0]: Клиент заработал
2021-08-31 17:19:21 INFO  [AWT-EventQueue-0]: Клиент отправил объект
2021-08-31 17:19:21 INFO  [main]: Сервер, заработал
2021-08-31 17:19:21 INFO  [main]: Сервер получили объект
2021-08-31 17:19:21 INFO  [main]: Отправляется запрос в БД...
2021-08-31 17:19:21 INFO  [main]: Запрос в БД отправлен
2021-08-31 17:19:21 INFO  [AWT-EventQueue-0]: Клиент получил объект
2021-08-31 17:20:10 INFO  [AWT-EventQueue-0]: Клиент заработал
2021-08-31 17:20:10 INFO  [AWT-EventQueue-0]: Клиент отправил объект
2021-08-31 17:20:10 INFO  [main]: Сервер, заработал
2021-08-31 17:20:10 INFO  [main]: Сервер получили объект
2021-08-31 17:20:10 INFO  [main]: Отправляется запрос в БД...
2021-08-31 17:20:10 INFO  [main]: Запрос в БД отправлен
2021-08-31 17:20:10 INFO  [AWT-EventQueue-0]: Клиент получил объект
2021-08-31 17:22:12 INFO  [AWT-EventQueue-0]: Клиент заработал
2021-08-31 17:22:12 INFO  [AWT-EventQueue-0]: Клиент отправил объект
2021-08-31 17:22:12 INFO  [main]: Сервер, заработал
2021-08-31 17:22:12 INFO  [main]: Сервер получили объект
2021-08-31 17:22:13 INFO  [main]: Отправляется запрос в БД...
2021-08-31 17:22:13 INFO  [main]: Запрос в БД отправлен
2021-08-31 17:22:13 INFO  [AWT-EventQueue-0]: Клиент получил объект
2021-08-31 17:22:44 INFO  [AWT-EventQueue-0]: Клиент заработал
2021-08-31 17:22:44 INFO  [AWT-EventQueue-0]: Клиент отправил объект
2021-08-31 17:22:44 INFO  [main]: Сервер, заработал
2021-08-31 17:22:44 INFO  [main]: Сервер получили объект
2021-08-31 17:22:45 INFO  [main]: Отправляется запрос в БД...
2021-08-31 17:22:45 INFO  [main]: Запрос в БД отправлен
2021-08-31 17:22:45 INFO  [AWT-EventQueue-0]: Клиент получил объект
2021-08-31 17:23:52 INFO  [AWT-EventQueue-0]: Клиент заработал
2021-08-31 17:23:52 INFO  [AWT-EventQueue-0]: Клиент отправил объект
2021-08-31 17:23:52 INFO  [main]: Сервер, заработал
2021-08-31 17:23:52 INFO  [main]: Сервер получили объект
2021-08-31 17:23:52 INFO  [main]: Отправляется запрос в БД...
2021-08-31 17:23:52 INFO  [main]: Запрос в БД отправлен
2021-08-31 17:23:52 INFO  [AWT-EventQueue-0]: Клиент получил объект
2021-08-31 17:24:20 INFO  [AWT-EventQueue-0]: Клиент заработал
2021-08-31 17:24:20 INFO  [AWT-EventQueue-0]: Клиент отправил объект
2021-08-31 17:24:20 INFO  [main]: Сервер, заработал
2021-08-31 17:24:20 INFO  [main]: Сервер получили объект
2021-08-31 17:24:20 INFO  [main]: Отправляется запрос в БД...
2021-08-31 17:24:21 INFO  [main]: Запрос в БД отправлен
2021-08-31 17:24:21 INFO  [AWT-EventQueue-0]: Клиент получил объект
2021-08-31 17:25:53 INFO  [AWT-EventQueue-0]: Клиент заработал
2021-08-31 17:25:53 INFO  [AWT-EventQueue-0]: Клиент отправил объект
2021-08-31 17:25:53 INFO  [main]: Сервер, заработал
2021-08-31 17:25:53 INFO  [main]: Сервер получили объект
2021-08-31 17:25:53 INFO  [main]: Отправляется запрос в БД...
2021-08-31 17:25:53 INFO  [main]: Запрос в БД отправлен
2021-08-31 17:25:53 INFO  [AWT-EventQueue-0]: Клиент получил объект
2021-08-31 17:31:58 INFO  [AWT-EventQueue-0]: Клиент заработал
2021-08-31 17:31:58 INFO  [AWT-EventQueue-0]: Клиент отправил объект
2021-08-31 17:31:58 INFO  [main]: Сервер, заработал
2021-08-31 17:31:58 INFO  [main]: Сервер получили объект
2021-08-31 17:31:58 INFO  [main]: Отправляется запрос в БД...
2021-08-31 17:31:58 INFO  [main]: Запрос в БД отправлен
2021-08-31 17:31:58 INFO  [AWT-EventQueue-0]: Клиент получил объект
2021-08-31 17:32:33 INFO  [AWT-EventQueue-0]: Клиент заработал
2021-08-31 17:32:33 INFO  [AWT-EventQueue-0]: Клиент отправил объект
2021-08-31 17:32:33 INFO  [main]: Сервер, заработал
2021-08-31 17:32:34 INFO  [main]: Сервер получили объект
2021-08-31 17:32:34 INFO  [main]: Отправляется запрос в БД...
2021-08-31 17:32:34 INFO  [main]: Запрос в БД отправлен
2021-08-31 17:32:34 INFO  [AWT-EventQueue-0]: Клиент получил объект
2021-08-31 17:32:58 INFO  [AWT-EventQueue-0]: Клиент заработал
2021-08-31 17:32:58 INFO  [AWT-EventQueue-0]: Клиент отправил объект
2021-08-31 17:32:58 INFO  [main]: Сервер, заработал
2021-08-31 17:32:58 INFO  [main]: Сервер получили объект
2021-08-31 17:32:59 INFO  [main]: Отправляется запрос в БД...
2021-08-31 17:32:59 INFO  [main]: Запрос в БД отправлен
2021-08-31 17:32:59 INFO  [AWT-EventQueue-0]: Клиент получил объект
2021-08-31 17:34:25 INFO  [AWT-EventQueue-0]: Клиент заработал
2021-08-31 17:34:25 INFO  [AWT-EventQueue-0]: Клиент отправил объект
2021-08-31 17:34:25 INFO  [main]: Сервер, заработал
2021-08-31 17:34:25 INFO  [main]: Сервер получили объект
2021-08-31 17:34:25 INFO  [main]: Отправляется запрос в БД...
2021-08-31 17:34:25 INFO  [main]: Запрос в БД отправлен
2021-08-31 17:34:26 INFO  [AWT-EventQueue-0]: Клиент получил объект
2021-09-01 16:24:49 INFO  [AWT-EventQueue-0]: Клиент заработал
2021-09-01 16:24:49 INFO  [AWT-EventQueue-0]: Клиент отправил объект
2021-09-01 16:24:49 INFO  [main]: Сервер, заработал
2021-09-01 16:24:49 INFO  [main]: Сервер получили объект
2021-09-01 16:24:50 INFO  [main]: Отправляется запрос в БД...
2021-09-01 16:24:50 INFO  [main]: Запрос в БД отправлен
2021-09-01 16:24:50 INFO  [AWT-EventQueue-0]: Клиент получил объект
2021-09-01 16:28:03 ERROR [main]: Сервер не отправил сообщение
2021-09-01 16:28:22 ERROR [AWT-EventQueue-0]: Объект не передался
2021-09-01 16:29:58 INFO  [AWT-EventQueue-0]: Клиент заработал
2021-09-01 16:29:58 INFO  [AWT-EventQueue-0]: Клиент отправил объект
2021-09-01 16:29:58 INFO  [main]: Сервер, заработал
2021-09-01 16:29:58 INFO  [main]: Сервер получили объект
2021-09-01 16:29:58 INFO  [main]: Отправляется запрос в БД...
2021-09-01 16:29:59 INFO  [main]: Запрос в БД отправлен
2021-09-01 16:29:59 INFO  [AWT-EventQueue-0]: Клиент получил объект
2021-09-01 16:36:25 INFO  [AWT-EventQueue-0]: Клиент заработал
2021-09-01 16:36:25 INFO  [AWT-EventQueue-0]: Клиент отправил объект
2021-09-01 16:36:25 INFO  [main]: Сервер, заработал
2021-09-01 16:36:25 INFO  [main]: Сервер получили объект
2021-09-01 16:36:26 INFO  [main]: Отправляется запрос в БД...
2021-09-01 16:36:26 INFO  [main]: Запрос в БД отправлен
2021-09-01 16:36:26 INFO  [AWT-EventQueue-0]: Клиент получил объект
2021-09-01 16:36:53 INFO  [AWT-EventQueue-0]: Клиент заработал
2021-09-01 16:36:53 INFO  [AWT-EventQueue-0]: Клиент отправил объект
2021-09-01 16:36:53 INFO  [main]: Сервер, заработал
2021-09-01 16:36:53 INFO  [main]: Сервер получили объект
2021-09-01 16:36:54 INFO  [main]: Отправляется запрос в БД...
2021-09-01 16:36:54 INFO  [main]: Запрос в БД отправлен
2021-09-01 16:36:54 INFO  [AWT-EventQueue-0]: Клиент получил объект
2021-09-01 17:12:15 INFO  [AWT-EventQueue-0]: Клиент заработал
2021-09-01 17:12:15 INFO  [AWT-EventQueue-0]: Клиент отправил объект
2021-09-01 17:12:15 INFO  [main]: Сервер, заработал
2021-09-01 17:12:15 INFO  [main]: Сервер получили объект
2021-09-01 17:12:15 ERROR [AWT-EventQueue-0]: Объект не передался
2021-09-01 17:14:53 INFO  [AWT-EventQueue-0]: Клиент заработал
2021-09-01 17:14:53 INFO  [AWT-EventQueue-0]: Клиент отправил объект
2021-09-01 17:14:53 INFO  [main]: Сервер, заработал
2021-09-01 17:14:53 INFO  [main]: Сервер получили объект
2021-09-01 17:14:53 ERROR [AWT-EventQueue-0]: Объект не передался
2021-09-01 17:17:37 INFO  [AWT-EventQueue-0]: Клиент заработал
2021-09-01 17:17:37 INFO  [AWT-EventQueue-0]: Клиент отправил объект
2021-09-01 17:17:37 INFO  [main]: Сервер, заработал
2021-09-01 17:17:37 INFO  [main]: Сервер получили объект
2021-09-01 17:17:37 ERROR [AWT-EventQueue-0]: Объект не передался
2021-09-01 17:18:12 INFO  [AWT-EventQueue-0]: Клиент заработал
2021-09-01 17:18:12 INFO  [AWT-EventQueue-0]: Клиент отправил объект
2021-09-01 17:18:12 INFO  [main]: Сервер, заработал
2021-09-01 17:18:12 INFO  [main]: Сервер получили объект
2021-09-01 17:18:12 INFO  [main]: Отправляется запрос в БД...
2021-09-01 17:18:12 INFO  [main]: Запрос в БД отправлен
2021-09-01 17:18:12 INFO  [AWT-EventQueue-0]: Клиент получил объект
2021-09-01 17:18:30 INFO  [main]: Сервер, заработал
2021-09-01 17:18:30 INFO  [AWT-EventQueue-0]: Клиент заработал
2021-09-01 17:18:30 INFO  [AWT-EventQueue-0]: Клиент отправил объект
2021-09-01 17:18:30 INFO  [main]: Сервер получили объект
2021-09-01 17:18:30 ERROR [main]: Сервер не отправил сообщение
2021-09-01 17:20:28 INFO  [AWT-EventQueue-0]: Клиент заработал
2021-09-01 17:20:28 INFO  [AWT-EventQueue-0]: Клиент отправил объект
2021-09-01 17:20:28 INFO  [main]: Сервер, заработал
2021-09-01 17:20:28 INFO  [main]: Сервер получили объект
2021-09-01 17:20:28 ERROR [AWT-EventQueue-0]: Объект не передался
2021-09-01 17:22:00 INFO  [AWT-EventQueue-0]: Клиент заработал
2021-09-01 17:22:00 INFO  [AWT-EventQueue-0]: Клиент отправил объект
2021-09-01 17:22:00 INFO  [main]: Сервер, заработал
2021-09-01 17:22:00 INFO  [main]: Сервер получили объект
2021-09-01 17:22:00 ERROR [AWT-EventQueue-0]: Объект не передался
2021-09-01 17:24:40 INFO  [AWT-EventQueue-0]: Клиент заработал
2021-09-01 17:24:40 INFO  [AWT-EventQueue-0]: Клиент отправил объект
2021-09-01 17:24:40 INFO  [main]: Сервер, заработал
2021-09-01 17:24:40 INFO  [main]: Сервер получили объект
2021-09-01 17:24:40 ERROR [AWT-EventQueue-0]: Объект не передался
2021-09-01 17:30:57 INFO  [AWT-EventQueue-0]: Клиент заработал
2021-09-01 17:30:57 INFO  [main]: Сервер, заработал
2021-09-01 17:30:57 INFO  [AWT-EventQueue-0]: Клиент отправил объект
2021-09-01 17:30:57 INFO  [main]: Сервер получили объект
2021-09-01 17:30:58 INFO  [main]: Отправляется запрос в БД...
2021-09-01 17:30:58 INFO  [main]: Запрос в БД отправлен
2021-09-01 17:30:58 INFO  [main]: Сервер отправил историю запросов БД
2021-09-01 17:30:58 INFO  [AWT-EventQueue-0]: Клиент получил объект
2021-09-01 17:31:04 INFO  [main]: Сервер, заработал
2021-09-01 17:31:04 INFO  [AWT-EventQueue-0]: Клиент заработал
2021-09-01 17:31:04 INFO  [AWT-EventQueue-0]: Клиент отправил объект
2021-09-01 17:31:04 INFO  [main]: Сервер получили объект
2021-09-01 17:31:04 INFO  [main]: Отправляется запрос в БД...
2021-09-01 17:31:04 INFO  [main]: Запрос из БД удален
2021-09-01 17:31:04 INFO  [main]: Сервер удалил запрос из БД
2021-09-01 17:32:50 INFO  [AWT-EventQueue-0]: Клиент заработал
2021-09-01 17:32:50 INFO  [main]: Сервер, заработал
2021-09-01 17:32:50 INFO  [AWT-EventQueue-0]: Клиент отправил объект
2021-09-01 17:32:50 INFO  [main]: Сервер получили объект
2021-09-01 17:32:51 INFO  [main]: Отправляется запрос в БД...
2021-09-01 17:32:51 INFO  [main]: Запрос в БД отправлен
2021-09-01 17:32:51 INFO  [main]: Сервер отправил историю запросов БД
2021-09-01 17:32:51 INFO  [AWT-EventQueue-0]: Клиент получил объект
2021-09-01 17:33:31 INFO  [AWT-EventQueue-0]: Клиент заработал
2021-09-01 17:33:31 INFO  [main]: Сервер, заработал
2021-09-01 17:33:31 INFO  [AWT-EventQueue-0]: Клиент отправил объект
2021-09-01 17:33:31 INFO  [main]: Сервер получили объект
2021-09-01 17:33:31 INFO  [main]: Отправляется запрос в БД...
2021-09-01 17:33:31 INFO  [main]: Запрос из БД удален
2021-09-01 17:33:31 INFO  [main]: Сервер удалил запрос из БД
2021-09-01 17:34:06 INFO  [AWT-EventQueue-0]: Клиент заработал
2021-09-01 17:34:06 INFO  [main]: Сервер, заработал
2021-09-01 17:34:06 INFO  [AWT-EventQueue-0]: Клиент отправил объект
2021-09-01 17:34:06 INFO  [main]: Сервер получили объект
2021-09-01 17:34:06 INFO  [main]: Отправляется запрос в БД...
2021-09-01 17:34:06 INFO  [main]: Запрос из БД удален
2021-09-01 17:34:06 INFO  [main]: Сервер удалил запрос из БД
2021-09-01 17:43:27 INFO  [AWT-EventQueue-0]: Клиент заработал
2021-09-01 17:43:27 INFO  [main]: Сервер, заработал
2021-09-01 17:43:27 INFO  [AWT-EventQueue-0]: Клиент отправил объект
2021-09-01 17:43:27 INFO  [main]: Сервер получили объект
2021-09-01 17:43:28 INFO  [main]: Отправляется запрос в БД...
2021-09-01 17:43:28 INFO  [main]: Запрос в БД отправлен
2021-09-01 17:43:28 INFO  [main]: Сервер отправил историю запросов БД
2021-09-01 17:43:28 INFO  [AWT-EventQueue-0]: Клиент получил объект
2021-09-01 17:43:33 INFO  [AWT-EventQueue-0]: Клиент заработал
2021-09-01 17:43:33 INFO  [main]: Сервер, заработал
2021-09-01 17:43:33 INFO  [AWT-EventQueue-0]: Клиент отправил объект
2021-09-01 17:43:33 INFO  [main]: Сервер получили объект
2021-09-01 17:43:33 INFO  [main]: Отправляется запрос в БД...
2021-09-01 17:43:33 INFO  [main]: Запрос из БД удален
2021-09-01 17:43:33 INFO  [main]: Сервер удалил запрос из БД
2021-09-01 17:56:49 INFO  [AWT-EventQueue-0]: Клиент заработал
2021-09-01 17:56:49 INFO  [main]: Сервер, заработал
2021-09-01 17:56:49 INFO  [AWT-EventQueue-0]: Клиент отправил объект
2021-09-01 17:56:49 INFO  [main]: Сервер получили объект
2021-09-01 17:56:50 INFO  [main]: Отправляется запрос в БД...
2021-09-01 17:56:50 INFO  [main]: Запрос в БД отправлен
2021-09-01 17:56:50 INFO  [main]: Сервер отправил историю запросов БД
2021-09-01 17:56:50 INFO  [AWT-EventQueue-0]: Клиент получил объект
2021-09-01 17:57:56 INFO  [AWT-EventQueue-0]: Клиент заработал
2021-09-01 17:57:56 INFO  [main]: Сервер, заработал
2021-09-01 17:57:56 INFO  [AWT-EventQueue-0]: Клиент отправил объект
2021-09-01 17:57:56 INFO  [main]: Сервер получили объект
2021-09-01 17:57:56 INFO  [main]: Отправляется запрос в БД...
2021-09-01 17:57:56 INFO  [main]: Запрос в БД отправлен
2021-09-01 17:57:56 INFO  [main]: Сервер отправил историю запросов БД
2021-09-01 17:57:56 INFO  [AWT-EventQueue-0]: Клиент получил объект
2021-09-01 17:57:59 INFO  [main]: Сервер, заработал
2021-09-01 17:57:59 INFO  [AWT-EventQueue-0]: Клиент заработал
2021-09-01 17:57:59 INFO  [AWT-EventQueue-0]: Клиент отправил объект
2021-09-01 17:57:59 INFO  [main]: Сервер получили объект
2021-09-01 17:57:59 INFO  [main]: Отправляется запрос в БД...
2021-09-01 17:57:59 INFO  [main]: Запрос из БД удален
2021-09-01 17:57:59 INFO  [main]: Сервер удалил запрос из БД
2021-09-01 17:58:11 INFO  [main]: Сервер, заработал
2021-09-01 17:58:11 INFO  [AWT-EventQueue-0]: Клиент заработал
2021-09-01 17:58:11 INFO  [AWT-EventQueue-0]: Клиент отправил объект
2021-09-01 17:58:11 INFO  [main]: Сервер получили объект
2021-09-01 17:58:11 INFO  [main]: Отправляется запрос в БД...
2021-09-01 17:58:11 INFO  [main]: Запрос из БД удален
2021-09-01 17:58:11 INFO  [main]: Сервер удалил запрос из БД
2021-09-01 17:58:28 INFO  [main]: Сервер, заработал
2021-09-01 17:58:28 INFO  [AWT-EventQueue-0]: Клиент заработал
2021-09-01 17:58:28 INFO  [AWT-EventQueue-0]: Клиент отправил объект
2021-09-01 17:58:28 INFO  [main]: Сервер получили объект
2021-09-01 17:58:28 INFO  [main]: Отправляется запрос в БД...
2021-09-01 17:58:28 INFO  [main]: Запрос из БД удален
2021-09-01 17:58:28 INFO  [main]: Сервер удалил запрос из БД
2021-09-01 17:58:44 INFO  [main]: Сервер, заработал
2021-09-01 17:58:44 INFO  [AWT-EventQueue-0]: Клиент заработал
2021-09-01 17:58:44 INFO  [AWT-EventQueue-0]: Клиент отправил объект
2021-09-01 17:58:44 INFO  [main]: Сервер получили объект
2021-09-01 17:58:44 INFO  [main]: Отправляется запрос в БД...
2021-09-01 17:58:44 INFO  [main]: Запрос в БД отправлен
2021-09-01 17:58:44 INFO  [main]: Сервер отправил историю запросов БД
2021-09-01 17:58:44 INFO  [AWT-EventQueue-0]: Клиент получил объект
2021-09-01 17:58:57 INFO  [main]: Сервер, заработал
2021-09-01 17:58:57 INFO  [AWT-EventQueue-0]: Клиент заработал
2021-09-01 17:58:57 INFO  [AWT-EventQueue-0]: Клиент отправил объект
2021-09-01 17:58:57 INFO  [main]: Сервер получили объект
2021-09-01 17:58:57 ERROR [AWT-EventQueue-0]: Объект не передался
2021-09-01 18:01:52 INFO  [AWT-EventQueue-0]: Клиент заработал
2021-09-01 18:01:52 INFO  [main]: Сервер, заработал
2021-09-01 18:01:52 INFO  [AWT-EventQueue-0]: Клиент отправил объект
2021-09-01 18:01:52 INFO  [main]: Сервер получили объект
2021-09-01 18:01:52 INFO  [main]: Отправляется запрос в БД...
2021-09-01 18:01:52 INFO  [main]: Запрос в БД отправлен
2021-09-01 18:01:52 INFO  [main]: Сервер отправил объект ResponseCron без ошибок
2021-09-01 18:01:52 INFO  [AWT-EventQueue-0]: Клиент получил объект
2021-09-01 18:01:52 INFO  [AWT-EventQueue-0]: Сервер передал объект ResponseCron без ошибок
2021-09-01 18:01:58 INFO  [AWT-EventQueue-0]: Клиент заработал
2021-09-01 18:01:58 INFO  [main]: Сервер, заработал
2021-09-01 18:01:58 INFO  [AWT-EventQueue-0]: Клиент отправил объект
2021-09-01 18:01:58 INFO  [main]: Сервер получили объект
2021-09-01 18:01:58 INFO  [main]: Отправляется запрос в БД...
2021-09-01 18:01:58 INFO  [main]: Запрос в БД отправлен
2021-09-01 18:01:58 INFO  [main]: Сервер отправил историю запросов БД
2021-09-01 18:01:58 INFO  [AWT-EventQueue-0]: Клиент получил объект
2021-09-01 18:02:02 INFO  [AWT-EventQueue-0]: Клиент заработал
2021-09-01 18:02:02 INFO  [main]: Сервер, заработал
2021-09-01 18:02:02 INFO  [AWT-EventQueue-0]: Клиент отправил объект
2021-09-01 18:02:02 INFO  [main]: Сервер получили объект
2021-09-01 18:02:02 INFO  [main]: Отправляется запрос в БД...
2021-09-01 18:02:02 INFO  [main]: Запрос из БД удален
2021-09-01 18:02:02 INFO  [main]: Сервер удалил запрос из БД
